<?xml version="1.0" encoding="UTF-8" ?>
<testsuite tests="1" failures="0" name="com.lyq3.Hibernate.HelloWorld.HibernateTest" time="1.801" errors="0" skipped="0">
  <properties>
    <property name="java.runtime.name" value="Java(TM) SE Runtime Environment"/>
    <property name="sun.boot.library.path" value="E:\JDK1.8\jre\bin"/>
    <property name="java.vm.version" value="25.31-b07"/>
    <property name="java.vm.vendor" value="Oracle Corporation"/>
    <property name="java.vendor.url" value="http://java.oracle.com/"/>
    <property name="path.separator" value=";"/>
    <property name="java.vm.name" value="Java HotSpot(TM) 64-Bit Server VM"/>
    <property name="file.encoding.pkg" value="sun.io"/>
    <property name="user.script" value=""/>
    <property name="user.country" value="CN"/>
    <property name="sun.java.launcher" value="SUN_STANDARD"/>
    <property name="sun.os.patch.level" value=""/>
    <property name="java.vm.specification.name" value="Java Virtual Machine Specification"/>
    <property name="user.dir" value="D:\Myeclipse2014\Coding\HelloWorld"/>
    <property name="java.runtime.version" value="1.8.0_31-b13"/>
    <property name="java.awt.graphicsenv" value="sun.awt.Win32GraphicsEnvironment"/>
    <property name="basedir" value="D:\Myeclipse2014\Coding\HelloWorld"/>
    <property name="java.endorsed.dirs" value="E:\JDK1.8\jre\lib\endorsed"/>
    <property name="os.arch" value="amd64"/>
    <property name="surefire.real.class.path" value="D:\Myeclipse2014\Coding\HelloWorld\target\surefire\surefirebooter6664271537290938192.jar"/>
    <property name="java.io.tmpdir" value="C:\Users\ADMINI~1\AppData\Local\Temp\"/>
    <property name="line.separator" value="
"/>
    <property name="java.vm.specification.vendor" value="Oracle Corporation"/>
    <property name="user.variant" value=""/>
    <property name="os.name" value="Windows 8.1"/>
    <property name="sun.jnu.encoding" value="GBK"/>
    <property name="java.library.path" value="E:\JDK1.8\jre\bin;C:\Windows\Sun\Java\bin;C:\Windows\system32;C:\Windows;E:\JDK1.8\bin;E:\JDK1.8\jre\bin;C:\ProgramData\Oracle\Java\javapath;C:\Windows\system32;C:\Windows;C:\Windows\System32\Wbem;C:\Windows\System32\WindowsPowerShell\v1.0\;D:\MySQL5.6.24\mysql-5.6.24-win32.1432006610\mysql-5.6.24-win32\bin;E:\Git\Git\cmd;E:\Maven\apache-maven-3.3.9-bin\apache-maven-3.3.9\bin;."/>
    <property name="surefire.test.class.path" value="D:\Myeclipse2014\Coding\HelloWorld\target\test-classes;D:\Myeclipse2014\Coding\HelloWorld\target\classes;E:\Maven\apache-maven-3.3.9-bin\Repository\junit\junit\4.12\junit-4.12.jar;E:\Maven\apache-maven-3.3.9-bin\Repository\org\hamcrest\hamcrest-core\1.3\hamcrest-core-1.3.jar;E:\Maven\apache-maven-3.3.9-bin\Repository\org\hibernate\hibernate-core\4.2.4.Final\hibernate-core-4.2.4.Final.jar;E:\Maven\apache-maven-3.3.9-bin\Repository\org\jboss\logging\jboss-logging\3.1.0.GA\jboss-logging-3.1.0.GA.jar;E:\Maven\apache-maven-3.3.9-bin\Repository\dom4j\dom4j\1.6.1\dom4j-1.6.1.jar;E:\Maven\apache-maven-3.3.9-bin\Repository\org\jboss\spec\javax\transaction\jboss-transaction-api_1.1_spec\1.0.1.Final\jboss-transaction-api_1.1_spec-1.0.1.Final.jar;E:\Maven\apache-maven-3.3.9-bin\Repository\org\hibernate\javax\persistence\hibernate-jpa-2.0-api\1.0.1.Final\hibernate-jpa-2.0-api-1.0.1.Final.jar;E:\Maven\apache-maven-3.3.9-bin\Repository\org\hibernate\common\hibernate-commons-annotations\4.0.2.Final\hibernate-commons-annotations-4.0.2.Final.jar;E:\Maven\apache-maven-3.3.9-bin\Repository\org\javassist\javassist\3.15.0-GA\javassist-3.15.0-GA.jar;E:\Maven\apache-maven-3.3.9-bin\Repository\antlr\antlr\2.7.6\antlr-2.7.6.jar;E:\Maven\apache-maven-3.3.9-bin\Repository\mysql\mysql-connector-java\5.1.18\mysql-connector-java-5.1.18.jar;E:\Maven\apache-maven-3.3.9-bin\Repository\org\apache\maven\plugins\maven-surefire-plugin\2.17\maven-surefire-plugin-2.17.jar;E:\Maven\apache-maven-3.3.9-bin\Repository\org\apache\maven\maven-plugin-api\2.0.9\maven-plugin-api-2.0.9.jar;E:\Maven\apache-maven-3.3.9-bin\Repository\org\apache\maven\surefire\maven-surefire-common\2.17\maven-surefire-common-2.17.jar;E:\Maven\apache-maven-3.3.9-bin\Repository\org\apache\maven\surefire\surefire-booter\2.17\surefire-booter-2.17.jar;E:\Maven\apache-maven-3.3.9-bin\Repository\org\apache\maven\maven-artifact\2.0.9\maven-artifact-2.0.9.jar;E:\Maven\apache-maven-3.3.9-bin\Repository\org\codehaus\plexus\plexus-utils\1.5.1\plexus-utils-1.5.1.jar;E:\Maven\apache-maven-3.3.9-bin\Repository\org\apache\maven\maven-plugin-descriptor\2.0.9\maven-plugin-descriptor-2.0.9.jar;E:\Maven\apache-maven-3.3.9-bin\Repository\org\codehaus\plexus\plexus-container-default\1.0-alpha-9-stable-1\plexus-container-default-1.0-alpha-9-stable-1.jar;E:\Maven\apache-maven-3.3.9-bin\Repository\org\apache\maven\maven-project\2.0.9\maven-project-2.0.9.jar;E:\Maven\apache-maven-3.3.9-bin\Repository\org\apache\maven\maven-settings\2.0.9\maven-settings-2.0.9.jar;E:\Maven\apache-maven-3.3.9-bin\Repository\org\apache\maven\maven-profile\2.0.9\maven-profile-2.0.9.jar;E:\Maven\apache-maven-3.3.9-bin\Repository\org\apache\maven\maven-artifact-manager\2.0.9\maven-artifact-manager-2.0.9.jar;E:\Maven\apache-maven-3.3.9-bin\Repository\org\apache\maven\maven-plugin-registry\2.0.9\maven-plugin-registry-2.0.9.jar;E:\Maven\apache-maven-3.3.9-bin\Repository\org\apache\maven\maven-model\2.0.9\maven-model-2.0.9.jar;E:\Maven\apache-maven-3.3.9-bin\Repository\org\apache\maven\maven-core\2.0.9\maven-core-2.0.9.jar;E:\Maven\apache-maven-3.3.9-bin\Repository\org\apache\maven\maven-plugin-parameter-documenter\2.0.9\maven-plugin-parameter-documenter-2.0.9.jar;E:\Maven\apache-maven-3.3.9-bin\Repository\org\apache\maven\reporting\maven-reporting-api\2.0.9\maven-reporting-api-2.0.9.jar;E:\Maven\apache-maven-3.3.9-bin\Repository\org\apache\maven\wagon\wagon-provider-api\1.0-beta-2\wagon-provider-api-1.0-beta-2.jar;E:\Maven\apache-maven-3.3.9-bin\Repository\org\apache\maven\maven-repository-metadata\2.0.9\maven-repository-metadata-2.0.9.jar;E:\Maven\apache-maven-3.3.9-bin\Repository\org\apache\maven\maven-error-diagnostics\2.0.9\maven-error-diagnostics-2.0.9.jar;E:\Maven\apache-maven-3.3.9-bin\Repository\org\apache\maven\maven-monitor\2.0.9\maven-monitor-2.0.9.jar;E:\Maven\apache-maven-3.3.9-bin\Repository\classworlds\classworlds\1.1\classworlds-1.1.jar;E:\Maven\apache-maven-3.3.9-bin\Repository\org\apache\commons\commons-lang3\3.1\commons-lang3-3.1.jar;E:\Maven\apache-maven-3.3.9-bin\Repository\org\apache\maven\surefire\surefire-api\2.17\surefire-api-2.17.jar;E:\Maven\apache-maven-3.3.9-bin\Repository\org\apache\maven\maven-toolchain\2.0.9\maven-toolchain-2.0.9.jar;E:\Maven\apache-maven-3.3.9-bin\Repository\org\apache\maven\plugin-tools\maven-plugin-annotations\3.2\maven-plugin-annotations-3.2.jar;"/>
    <property name="java.specification.name" value="Java Platform API Specification"/>
    <property name="java.class.version" value="52.0"/>
    <property name="sun.management.compiler" value="HotSpot 64-Bit Tiered Compilers"/>
    <property name="os.version" value="6.3"/>
    <property name="user.home" value="C:\Users\Administrator"/>
    <property name="user.timezone" value="GMT+08:00"/>
    <property name="java.awt.printerjob" value="sun.awt.windows.WPrinterJob"/>
    <property name="java.specification.version" value="1.8"/>
    <property name="file.encoding" value="GBK"/>
    <property name="user.name" value="Administrator"/>
    <property name="java.class.path" value="D:\Myeclipse2014\Coding\HelloWorld\target\test-classes;D:\Myeclipse2014\Coding\HelloWorld\target\classes;E:\Maven\apache-maven-3.3.9-bin\Repository\junit\junit\4.12\junit-4.12.jar;E:\Maven\apache-maven-3.3.9-bin\Repository\org\hamcrest\hamcrest-core\1.3\hamcrest-core-1.3.jar;E:\Maven\apache-maven-3.3.9-bin\Repository\org\hibernate\hibernate-core\4.2.4.Final\hibernate-core-4.2.4.Final.jar;E:\Maven\apache-maven-3.3.9-bin\Repository\org\jboss\logging\jboss-logging\3.1.0.GA\jboss-logging-3.1.0.GA.jar;E:\Maven\apache-maven-3.3.9-bin\Repository\dom4j\dom4j\1.6.1\dom4j-1.6.1.jar;E:\Maven\apache-maven-3.3.9-bin\Repository\org\jboss\spec\javax\transaction\jboss-transaction-api_1.1_spec\1.0.1.Final\jboss-transaction-api_1.1_spec-1.0.1.Final.jar;E:\Maven\apache-maven-3.3.9-bin\Repository\org\hibernate\javax\persistence\hibernate-jpa-2.0-api\1.0.1.Final\hibernate-jpa-2.0-api-1.0.1.Final.jar;E:\Maven\apache-maven-3.3.9-bin\Repository\org\hibernate\common\hibernate-commons-annotations\4.0.2.Final\hibernate-commons-annotations-4.0.2.Final.jar;E:\Maven\apache-maven-3.3.9-bin\Repository\org\javassist\javassist\3.15.0-GA\javassist-3.15.0-GA.jar;E:\Maven\apache-maven-3.3.9-bin\Repository\antlr\antlr\2.7.6\antlr-2.7.6.jar;E:\Maven\apache-maven-3.3.9-bin\Repository\mysql\mysql-connector-java\5.1.18\mysql-connector-java-5.1.18.jar;E:\Maven\apache-maven-3.3.9-bin\Repository\org\apache\maven\plugins\maven-surefire-plugin\2.17\maven-surefire-plugin-2.17.jar;E:\Maven\apache-maven-3.3.9-bin\Repository\org\apache\maven\maven-plugin-api\2.0.9\maven-plugin-api-2.0.9.jar;E:\Maven\apache-maven-3.3.9-bin\Repository\org\apache\maven\surefire\maven-surefire-common\2.17\maven-surefire-common-2.17.jar;E:\Maven\apache-maven-3.3.9-bin\Repository\org\apache\maven\surefire\surefire-booter\2.17\surefire-booter-2.17.jar;E:\Maven\apache-maven-3.3.9-bin\Repository\org\apache\maven\maven-artifact\2.0.9\maven-artifact-2.0.9.jar;E:\Maven\apache-maven-3.3.9-bin\Repository\org\codehaus\plexus\plexus-utils\1.5.1\plexus-utils-1.5.1.jar;E:\Maven\apache-maven-3.3.9-bin\Repository\org\apache\maven\maven-plugin-descriptor\2.0.9\maven-plugin-descriptor-2.0.9.jar;E:\Maven\apache-maven-3.3.9-bin\Repository\org\codehaus\plexus\plexus-container-default\1.0-alpha-9-stable-1\plexus-container-default-1.0-alpha-9-stable-1.jar;E:\Maven\apache-maven-3.3.9-bin\Repository\org\apache\maven\maven-project\2.0.9\maven-project-2.0.9.jar;E:\Maven\apache-maven-3.3.9-bin\Repository\org\apache\maven\maven-settings\2.0.9\maven-settings-2.0.9.jar;E:\Maven\apache-maven-3.3.9-bin\Repository\org\apache\maven\maven-profile\2.0.9\maven-profile-2.0.9.jar;E:\Maven\apache-maven-3.3.9-bin\Repository\org\apache\maven\maven-artifact-manager\2.0.9\maven-artifact-manager-2.0.9.jar;E:\Maven\apache-maven-3.3.9-bin\Repository\org\apache\maven\maven-plugin-registry\2.0.9\maven-plugin-registry-2.0.9.jar;E:\Maven\apache-maven-3.3.9-bin\Repository\org\apache\maven\maven-model\2.0.9\maven-model-2.0.9.jar;E:\Maven\apache-maven-3.3.9-bin\Repository\org\apache\maven\maven-core\2.0.9\maven-core-2.0.9.jar;E:\Maven\apache-maven-3.3.9-bin\Repository\org\apache\maven\maven-plugin-parameter-documenter\2.0.9\maven-plugin-parameter-documenter-2.0.9.jar;E:\Maven\apache-maven-3.3.9-bin\Repository\org\apache\maven\reporting\maven-reporting-api\2.0.9\maven-reporting-api-2.0.9.jar;E:\Maven\apache-maven-3.3.9-bin\Repository\org\apache\maven\wagon\wagon-provider-api\1.0-beta-2\wagon-provider-api-1.0-beta-2.jar;E:\Maven\apache-maven-3.3.9-bin\Repository\org\apache\maven\maven-repository-metadata\2.0.9\maven-repository-metadata-2.0.9.jar;E:\Maven\apache-maven-3.3.9-bin\Repository\org\apache\maven\maven-error-diagnostics\2.0.9\maven-error-diagnostics-2.0.9.jar;E:\Maven\apache-maven-3.3.9-bin\Repository\org\apache\maven\maven-monitor\2.0.9\maven-monitor-2.0.9.jar;E:\Maven\apache-maven-3.3.9-bin\Repository\classworlds\classworlds\1.1\classworlds-1.1.jar;E:\Maven\apache-maven-3.3.9-bin\Repository\org\apache\commons\commons-lang3\3.1\commons-lang3-3.1.jar;E:\Maven\apache-maven-3.3.9-bin\Repository\org\apache\maven\surefire\surefire-api\2.17\surefire-api-2.17.jar;E:\Maven\apache-maven-3.3.9-bin\Repository\org\apache\maven\maven-toolchain\2.0.9\maven-toolchain-2.0.9.jar;E:\Maven\apache-maven-3.3.9-bin\Repository\org\apache\maven\plugin-tools\maven-plugin-annotations\3.2\maven-plugin-annotations-3.2.jar;"/>
    <property name="java.vm.specification.version" value="1.8"/>
    <property name="sun.arch.data.model" value="64"/>
    <property name="java.home" value="E:\JDK1.8\jre"/>
    <property name="sun.java.command" value="D:\Myeclipse2014\Coding\HelloWorld\target\surefire\surefirebooter6664271537290938192.jar D:\Myeclipse2014\Coding\HelloWorld\target\surefire\surefire4361701972268607301tmp D:\Myeclipse2014\Coding\HelloWorld\target\surefire\surefire7298506578230186754tmp"/>
    <property name="java.specification.vendor" value="Oracle Corporation"/>
    <property name="user.language" value="zh"/>
    <property name="awt.toolkit" value="sun.awt.windows.WToolkit"/>
    <property name="java.vm.info" value="mixed mode"/>
    <property name="java.version" value="1.8.0_31"/>
    <property name="java.ext.dirs" value="E:\JDK1.8\jre\lib\ext;C:\Windows\Sun\Java\lib\ext"/>
    <property name="sun.boot.class.path" value="E:\JDK1.8\jre\lib\resources.jar;E:\JDK1.8\jre\lib\rt.jar;E:\JDK1.8\jre\lib\sunrsasign.jar;E:\JDK1.8\jre\lib\jsse.jar;E:\JDK1.8\jre\lib\jce.jar;E:\JDK1.8\jre\lib\charsets.jar;E:\JDK1.8\jre\lib\jfr.jar;E:\JDK1.8\jre\classes"/>
    <property name="java.vendor" value="Oracle Corporation"/>
    <property name="localRepository" value="E:\Maven\apache-maven-3.3.9-bin\Repository"/>
    <property name="file.separator" value="\"/>
    <property name="java.vendor.url.bug" value="http://bugreport.sun.com/bugreport/"/>
    <property name="sun.cpu.endian" value="little"/>
    <property name="sun.io.unicode.encoding" value="UnicodeLittle"/>
    <property name="sun.desktop" value="windows"/>
    <property name="sun.cpu.isalist" value="amd64"/>
  </properties>
  <testcase classname="com.lyq3.Hibernate.HelloWorld.HibernateTest" name="test" time="1.711"/>
</testsuite>